<?xml version="1.0" encoding="UTF-8"?>
<!-- Generated by org.testng.reporters.JUnitReportReporter -->
<testsuite hostname="LAPTOP-6883ILH2" failures="0" tests="3" name="com.test.OrangeHRMTest" time="39.330" errors="0" timestamp="2022-03-02T19:01:05 IST" skipped="0">
  <testcase classname="com.test.OrangeHRMTest" name="sampleCase" time="7.243"/>
  <testcase classname="com.test.OrangeHRMTest" name="loginPageTest" time="14.838"/>
  <testcase classname="com.test.OrangeHRMTest" name="loginTest" time="17.249"/>
</testsuite> <!-- com.test.OrangeHRMTest -->
